2022-04-07 23:27:55,468:DEBUG:discord.client: on_ready has successfully been registered as an event
2022-04-07 23:27:55,468:DEBUG:discord.client: on_reaction_add has successfully been registered as an event
2022-04-07 23:27:55,468:DEBUG:discord.client: on_reaction_remove has successfully been registered as an event
2022-04-07 23:27:55,468:INFO:discord.client: logging in using static token
2022-04-07 23:27:56,256:DEBUG:discord.http: GET https://discord.com/api/v7/users/@me with None has returned 200
2022-04-07 23:27:56,256:DEBUG:discord.http: GET https://discord.com/api/v7/users/@me has received {'id': '961225387269029928', 'username': 'scheduler-bot', 'avatar': None, 'discriminator': '1193', 'public_flags': 0, 'flags': 0, 'bot': True, 'banner': None, 'banner_color': None, 'accent_color': None, 'bio': '', 'pronouns': '', 'locale': 'en-US', 'mfa_enabled': False, 'email': None, 'verified': True}
2022-04-07 23:27:56,448:DEBUG:discord.http: GET https://discord.com/api/v7/gateway with None has returned 200
2022-04-07 23:27:56,448:DEBUG:discord.http: GET https://discord.com/api/v7/gateway has received {'url': 'wss://gateway.discord.gg'}
2022-04-07 23:27:56,663:DEBUG:discord.gateway: Created websocket connected to wss://gateway.discord.gg?encoding=json&v=6&compress=zlib-stream
2022-04-07 23:27:56,663:DEBUG:discord.client: Dispatching event socket_raw_receive
2022-04-07 23:27:56,663:DEBUG:discord.gateway: For Shard ID None: WebSocket Event: {'t': None, 's': None, 'op': 10, 'd': {'heartbeat_interval': 41250, '_trace': ['["gateway-prd-main-w9b2",{"micros":0.0}]']}}
2022-04-07 23:27:56,663:DEBUG:discord.client: Dispatching event socket_response
2022-04-07 23:27:56,663:DEBUG:discord.client: Dispatching event socket_raw_send
2022-04-07 23:27:56,664:DEBUG:discord.client: Dispatching event socket_raw_send
2022-04-07 23:27:56,664:INFO:discord.gateway: Shard ID None has sent the IDENTIFY payload.
2022-04-07 23:27:56,856:DEBUG:discord.client: Dispatching event socket_raw_receive
2022-04-07 23:27:56,857:DEBUG:discord.gateway: For Shard ID None: WebSocket Event: {'t': None, 's': None, 'op': 11, 'd': None}
2022-04-07 23:27:56,857:DEBUG:discord.client: Dispatching event socket_response
2022-04-07 23:27:56,943:DEBUG:discord.client: Dispatching event socket_raw_receive
2022-04-07 23:27:56,943:DEBUG:discord.gateway: For Shard ID None: WebSocket Event: {'t': 'READY', 's': 1, 'op': 0, 'd': {'v': 6, 'user_settings': {}, 'user': {'verified': True, 'username': 'scheduler-bot', 'mfa_enabled': False, 'id': '961225387269029928', 'flags': 0, 'email': None, 'discriminator': '1193', 'bot': True, 'avatar': None}, 'session_id': '5b00ecff501f41f20c6a3ee17cb81098', 'relationships': [], 'private_channels': [], 'presences': [], 'guilds': [{'unavailable': True, 'id': '961222921592901742'}], 'guild_join_requests': [], 'geo_ordered_rtc_regions': ['south-korea', 'japan', 'hongkong', 'singapore', 'india'], 'application': {'id': '961225387269029928', 'flags': 827392}, '_trace': ['["gateway-prd-main-w9b2",{"micros":94548,"calls":["discord-sessions-blue-prd-2-75",{"micros":93622,"calls":["start_session",{"micros":50126,"calls":["discord-api-5f45bb867-xjg65",{"micros":45438,"calls":["get_user",{"micros":12388},"add_authorized_ip",{"micros":2124},"get_guilds",{"micros":3618},"coros_wait",{"micros":2}]}]},"guilds_connect",{"micros":1,"calls":[]},"presence_connect",{"micros":22053,"calls":[]}]}]}]']}}
2022-04-07 23:27:56,943:DEBUG:discord.client: Dispatching event socket_response
2022-04-07 23:27:56,943:INFO:discord.gateway: Shard ID None has connected to Gateway: ["gateway-prd-main-w9b2",{"micros":94548,"calls":["discord-sessions-blue-prd-2-75",{"micros":93622,"calls":["start_session",{"micros":50126,"calls":["discord-api-5f45bb867-xjg65",{"micros":45438,"calls":["get_user",{"micros":12388},"add_authorized_ip",{"micros":2124},"get_guilds",{"micros":3618},"coros_wait",{"micros":2}]}]},"guilds_connect",{"micros":1,"calls":[]},"presence_connect",{"micros":22053,"calls":[]}]}]}] (Session ID: 5b00ecff501f41f20c6a3ee17cb81098).
2022-04-07 23:27:56,947:DEBUG:discord.client: Dispatching event connect
2022-04-07 23:27:56,947:DEBUG:discord.client: Dispatching event socket_raw_receive
2022-04-07 23:27:56,947:DEBUG:discord.gateway: For Shard ID None: WebSocket Event: {'t': 'GUILD_CREATE', 's': 2, 'op': 0, 'd': {'name': 'bot test', 'stickers': [], 'verification_level': 0, 'explicit_content_filter': 0, 'stage_instances': [], 'public_updates_channel_id': None, 'afk_timeout': 300, 'roles': [{'unicode_emoji': None, 'tags': {}, 'position': 0, 'permissions_new': '1071698660929', 'permissions': 104320577, 'name': '@everyone', 'mentionable': False, 'managed': False, 'id': '961222921592901742', 'icon': None, 'hoist': False, 'color': 0}, {'unicode_emoji': None, 'tags': {'bot_id': '961225387269029928'}, 'position': 3, 'permissions_new': '8', 'permissions': 8, 'name': 'scheduler-bot', 'mentionable': False, 'managed': True, 'id': '961226869536088118', 'icon': None, 'hoist': False, 'color': 0}, {'unicode_emoji': None, 'tags': {}, 'position': 2, 'permissions_new': '1071698660929', 'permissions': 104320577, 'name': 'Game Master', 'mentionable': False, 'managed': False, 'id': '961620452663513178', 'icon': None, 'hoist': False, 'color': 10038562}, {'unicode_emoji': None, 'tags': {}, 'position': 1, 'permissions_new': '1071698660929', 'permissions': 104320577, 'name': 'Player (Active)', 'mentionable': False, 'managed': False, 'id': '961625680104263711', 'icon': None, 'hoist': False, 'color': 15844367}], 'member_count': 2, 'application_command_counts': {'3': 0, '2': 0, '1': 0}, 'max_members': 500000, 'hub_type': None, 'max_video_channel_users': 25, 'premium_subscription_count': 0, 'lazy': True, 'application_id': None, 'owner_id': '257448363149099008', 'icon': None, 'unavailable': False, 'premium_progress_bar_enabled': False, 'preferred_locale': 'en-US', 'channels': [{'type': 4, 'position': 0, 'permission_overwrites': [], 'name': 'Text Channels', 'id': '961222921592901743'}, {'type': 4, 'position': 0, 'permission_overwrites': [], 'name': 'Voice Channels', 'id': '961222921592901744'}, {'user_limit': 0, 'type': 2, 'rtc_region': None, 'rate_limit_per_user': 0, 'position': 0, 'permission_overwrites': [], 'parent_id': '961222921592901744', 'name': 'General', 'last_message_id': None, 'id': '961222921592901746', 'bitrate': 64000}, {'type': 0, 'topic': None, 'rate_limit_per_user': 0, 'position': 1, 'permission_overwrites': [], 'parent_id': '961222921592901743', 'nsfw': False, 'name': 'bot-test', 'last_message_id': '961633174616698940', 'id': '961627892012433418'}, {'type': 0, 'topic': None, 'rate_limit_per_user': 0, 'position': 2, 'permission_overwrites': [], 'parent_id': '961222921592901743', 'nsfw': False, 'name': 'general', 'last_message_id': '961628504351469608', 'id': '961628222263545866'}], 'guild_hashes': {'version': 1, 'roles': {'omitted': False, 'hash': 'MnerEY+gqtg'}, 'metadata': {'omitted': False, 'hash': 'nRzuZe9Gcfk'}, 'channels': {'omitted': False, 'hash': 'osAkr4JUzX4'}}, 'emojis': [], 'description': None, 'threads': [], 'afk_channel_id': None, 'region': 'deprecated', 'system_channel_flags': 0, 'premium_tier': 0, 'presences': [], 'discovery_splash': None, 'guild_scheduled_events': [], 'mfa_level': 0, 'large': False, 'default_message_notifications': 0, 'id': '961222921592901742', 'nsfw': False, 'nsfw_level': 0, 'members': [{'user': {'username': 'scheduler-bot', 'id': '961225387269029928', 'discriminator': '1193', 'bot': True, 'avatar': None}, 'roles': ['961226869536088118'], 'mute': False, 'joined_at': '2022-04-06T11:32:24.513000+00:00', 'hoisted_role': None, 'flags': 0, 'deaf': False}], 'vanity_url_code': None, 'banner': None, 'features': [], 'embedded_activities': [], 'system_channel_id': None, 'voice_states': [], 'rules_channel_id': None, 'splash': None, 'joined_at': '2022-04-06T11:32:24.513000+00:00'}}
2022-04-07 23:27:56,947:DEBUG:discord.client: Dispatching event socket_response
2022-04-07 23:27:56,947:DEBUG:discord.client: Dispatching event socket_raw_send
2022-04-07 23:27:57,142:DEBUG:discord.client: Dispatching event socket_raw_receive
2022-04-07 23:27:57,142:DEBUG:discord.gateway: For Shard ID None: WebSocket Event: {'t': 'GUILD_MEMBERS_CHUNK', 's': 3, 'op': 0, 'd': {'nonce': '3e2176c924194f5b6762d3e4bba03524', 'members': [{'user': {'username': 'Mikitz', 'public_flags': 0, 'id': '257448363149099008', 'discriminator': '2846', 'avatar': 'ca2b74787718e07ce6df8836e2d1a4c6'}, 'roles': ['961620452663513178'], 'premium_since': None, 'pending': False, 'nick': None, 'mute': False, 'joined_at': '2022-04-06T11:16:43.179000+00:00', 'hoisted_role': None, 'flags': 0, 'deaf': False, 'communication_disabled_until': None, 'avatar': None}, {'user': {'username': 'scheduler-bot', 'id': '961225387269029928', 'discriminator': '1193', 'bot': True, 'avatar': None}, 'roles': ['961226869536088118'], 'mute': False, 'joined_at': '2022-04-06T11:32:24.513000+00:00', 'hoisted_role': None, 'flags': 0, 'deaf': False}], 'guild_id': '961222921592901742', 'chunk_index': 0, 'chunk_count': 1}}
2022-04-07 23:27:57,142:DEBUG:discord.client: Dispatching event socket_response
2022-04-07 23:27:57,142:DEBUG:discord.state: Processed a chunk for 2 members in guild ID 961222921592901742.
2022-04-07 23:27:58,945:DEBUG:discord.client: Dispatching event guild_available
2022-04-07 23:27:58,945:DEBUG:discord.client: Dispatching event ready
2022-04-07 23:28:00,886:DEBUG:discord.client: Dispatching event socket_raw_receive
2022-04-07 23:28:00,887:DEBUG:discord.gateway: For Shard ID None: WebSocket Event: {'t': 'TYPING_START', 's': 4, 'op': 0, 'd': {'user_id': '257448363149099008', 'timestamp': 1649341681, 'member': {'user': {'username': 'Mikitz', 'public_flags': 0, 'id': '257448363149099008', 'discriminator': '2846', 'avatar': 'ca2b74787718e07ce6df8836e2d1a4c6'}, 'roles': ['961620452663513178'], 'premium_since': None, 'pending': False, 'nick': None, 'mute': False, 'joined_at': '2022-04-06T11:16:43.179000+00:00', 'hoisted_role': None, 'flags': 0, 'deaf': False, 'communication_disabled_until': None, 'avatar': None}, 'channel_id': '961627892012433418', 'guild_id': '961222921592901742'}}
2022-04-07 23:28:00,887:DEBUG:discord.client: Dispatching event socket_response
2022-04-07 23:28:00,887:DEBUG:discord.client: Dispatching event typing
2022-04-07 23:28:07,655:DEBUG:discord.client: Dispatching event socket_raw_receive
2022-04-07 23:28:07,655:DEBUG:discord.gateway: For Shard ID None: WebSocket Event: {'t': 'MESSAGE_CREATE', 's': 5, 'op': 0, 'd': {'type': 0, 'tts': False, 'timestamp': '2022-04-07T14:28:07.897000+00:00', 'referenced_message': None, 'pinned': False, 'nonce': '961633477734694912', 'mentions': [], 'mention_roles': [], 'mention_everyone': False, 'member': {'roles': ['961620452663513178'], 'premium_since': None, 'pending': False, 'nick': None, 'mute': False, 'joined_at': '2022-04-06T11:16:43.179000+00:00', 'hoisted_role': None, 'flags': 0, 'deaf': False, 'communication_disabled_until': None, 'avatar': None}, 'id': '961633479911682119', 'flags': 0, 'embeds': [], 'edited_timestamp': None, 'content': '!sb event Session 15, 3/22/2022, 1900 CST,  , 1', 'components': [], 'channel_id': '961627892012433418', 'author': {'username': 'Mikitz', 'public_flags': 0, 'id': '257448363149099008', 'discriminator': '2846', 'avatar': 'ca2b74787718e07ce6df8836e2d1a4c6'}, 'attachments': [], 'guild_id': '961222921592901742'}}
2022-04-07 23:28:07,655:DEBUG:discord.client: Dispatching event socket_response
2022-04-07 23:28:07,655:DEBUG:discord.client: Dispatching event message
2022-04-07 23:28:07,655:DEBUG:discord.client: Dispatching event command
2022-04-07 23:28:07,952:DEBUG:discord.client: Dispatching event socket_raw_receive
2022-04-07 23:28:07,952:DEBUG:discord.gateway: For Shard ID None: WebSocket Event: {'t': 'MESSAGE_CREATE', 's': 6, 'op': 0, 'd': {'type': 0, 'tts': False, 'timestamp': '2022-04-07T14:28:08.197000+00:00', 'referenced_message': None, 'pinned': False, 'mentions': [], 'mention_roles': [], 'mention_everyone': False, 'member': {'roles': ['961226869536088118'], 'mute': False, 'joined_at': '2022-04-06T11:32:24.513000+00:00', 'hoisted_role': None, 'flags': 0, 'deaf': False}, 'id': '961633481169993759', 'flags': 0, 'embeds': [{'type': 'rich', 'title': 'Session 15', 'fields': [{'value': '3/22/2022', 'name': 'Date', 'inline': False}, {'value': '1900 CST', 'name': 'Time', 'inline': False}, {'value': '1', 'name': 'Min. Players', 'inline': False}, {'value': 'React with a ✅ to confirm attendance or with a ❌ to confirm absence.', 'name': 'RSVP', 'inline': False}], 'color': 3447003}], 'edited_timestamp': None, 'content': '', 'components': [], 'channel_id': '961627892012433418', 'author': {'username': 'scheduler-bot', 'public_flags': 0, 'id': '961225387269029928', 'discriminator': '1193', 'bot': True, 'avatar': None}, 'attachments': [], 'guild_id': '961222921592901742'}}
2022-04-07 23:28:07,952:DEBUG:discord.client: Dispatching event socket_response
2022-04-07 23:28:07,952:DEBUG:discord.client: Dispatching event message
2022-04-07 23:28:08,083:DEBUG:discord.http: POST https://discord.com/api/v7/channels/961627892012433418/messages with {"embed":{"fields":[{"inline":false,"name":"Date","value":"3/22/2022"},{"inline":false,"name":"Time","value":"1900 CST"},{"inline":false,"name":"Min. Players","value":"1"},{"inline":false,"name":"RSVP","value":"React with a \u2705 to confirm attendance or with a \u274c to confirm absence."}],"color":3447003,"type":"rich","title":"Session 15"}} has returned 200
2022-04-07 23:28:08,084:DEBUG:discord.http: POST https://discord.com/api/v7/channels/961627892012433418/messages has received {'id': '961633481169993759', 'type': 0, 'content': '', 'channel_id': '961627892012433418', 'author': {'id': '961225387269029928', 'username': 'scheduler-bot', 'avatar': None, 'discriminator': '1193', 'public_flags': 0, 'bot': True}, 'attachments': [], 'embeds': [{'type': 'rich', 'title': 'Session 15', 'color': 3447003, 'fields': [{'name': 'Date', 'value': '3/22/2022', 'inline': False}, {'name': 'Time', 'value': '1900 CST', 'inline': False}, {'name': 'Min. Players', 'value': '1', 'inline': False}, {'name': 'RSVP', 'value': 'React with a ✅ to confirm attendance or with a ❌ to confirm absence.', 'inline': False}]}], 'mentions': [], 'mention_roles': [], 'pinned': False, 'mention_everyone': False, 'tts': False, 'timestamp': '2022-04-07T14:28:08.197000+00:00', 'edited_timestamp': None, 'flags': 0, 'components': [], 'referenced_message': None}
2022-04-07 23:28:08,442:DEBUG:discord.client: Dispatching event socket_raw_receive
2022-04-07 23:28:08,442:DEBUG:discord.gateway: For Shard ID None: WebSocket Event: {'t': 'MESSAGE_REACTION_ADD', 's': 7, 'op': 0, 'd': {'user_id': '961225387269029928', 'message_id': '961633481169993759', 'member': {'user': {'username': 'scheduler-bot', 'id': '961225387269029928', 'discriminator': '1193', 'bot': True, 'avatar': None}, 'roles': ['961226869536088118'], 'mute': False, 'joined_at': '2022-04-06T11:32:24.513000+00:00', 'hoisted_role': None, 'flags': 0, 'deaf': False}, 'emoji': {'name': '✅', 'id': None}, 'channel_id': '961627892012433418', 'guild_id': '961222921592901742'}}
2022-04-07 23:28:08,443:DEBUG:discord.client: Dispatching event socket_response
2022-04-07 23:28:08,443:DEBUG:discord.client: Dispatching event raw_reaction_add
2022-04-07 23:28:08,443:DEBUG:discord.client: Dispatching event reaction_add
2022-04-07 23:28:08,539:DEBUG:discord.http: PUT https://discord.com/api/v7/channels/961627892012433418/messages/961633481169993759/reactions/%E2%9C%85/@me with None has returned 204
2022-04-07 23:28:08,539:DEBUG:discord.http: A rate limit bucket has been exhausted (bucket: 961627892012433418:None:/channels/{channel_id}/messages/{message_id}/reactions/{emoji}/@me, retry: 0.25).
2022-04-07 23:28:08,539:DEBUG:discord.http: PUT https://discord.com/api/v7/channels/961627892012433418/messages/961633481169993759/reactions/%E2%9C%85/@me has received 
2022-04-07 23:28:09,199:DEBUG:discord.client: Dispatching event socket_raw_receive
2022-04-07 23:28:09,199:DEBUG:discord.gateway: For Shard ID None: WebSocket Event: {'t': 'MESSAGE_REACTION_ADD', 's': 8, 'op': 0, 'd': {'user_id': '961225387269029928', 'message_id': '961633481169993759', 'member': {'user': {'username': 'scheduler-bot', 'id': '961225387269029928', 'discriminator': '1193', 'bot': True, 'avatar': None}, 'roles': ['961226869536088118'], 'mute': False, 'joined_at': '2022-04-06T11:32:24.513000+00:00', 'hoisted_role': None, 'flags': 0, 'deaf': False}, 'emoji': {'name': '❌', 'id': None}, 'channel_id': '961627892012433418', 'guild_id': '961222921592901742'}}
2022-04-07 23:28:09,199:DEBUG:discord.client: Dispatching event socket_response
2022-04-07 23:28:09,199:DEBUG:discord.client: Dispatching event raw_reaction_add
2022-04-07 23:28:09,199:DEBUG:discord.client: Dispatching event reaction_add
2022-04-07 23:28:09,323:DEBUG:discord.http: PUT https://discord.com/api/v7/channels/961627892012433418/messages/961633481169993759/reactions/%E2%9D%8C/@me with None has returned 204
2022-04-07 23:28:09,323:DEBUG:discord.http: A rate limit bucket has been exhausted (bucket: 961627892012433418:None:/channels/{channel_id}/messages/{message_id}/reactions/{emoji}/@me, retry: 0.25).
2022-04-07 23:28:09,323:DEBUG:discord.http: PUT https://discord.com/api/v7/channels/961627892012433418/messages/961633481169993759/reactions/%E2%9D%8C/@me has received 
2022-04-07 23:28:09,323:DEBUG:discord.client: Dispatching event command_completion
2022-04-07 23:28:10,825:DEBUG:discord.client: Dispatching event socket_raw_receive
2022-04-07 23:28:10,826:DEBUG:discord.gateway: For Shard ID None: WebSocket Event: {'t': 'MESSAGE_REACTION_ADD', 's': 9, 'op': 0, 'd': {'user_id': '257448363149099008', 'message_id': '961633481169993759', 'member': {'user': {'username': 'Mikitz', 'public_flags': 0, 'id': '257448363149099008', 'discriminator': '2846', 'avatar': 'ca2b74787718e07ce6df8836e2d1a4c6'}, 'roles': ['961620452663513178'], 'premium_since': None, 'pending': False, 'nick': None, 'mute': False, 'joined_at': '2022-04-06T11:16:43.179000+00:00', 'hoisted_role': None, 'flags': 0, 'deaf': False, 'communication_disabled_until': None, 'avatar': None}, 'emoji': {'name': '✅', 'id': None}, 'channel_id': '961627892012433418', 'guild_id': '961222921592901742'}}
2022-04-07 23:28:10,826:DEBUG:discord.client: Dispatching event socket_response
2022-04-07 23:28:10,826:DEBUG:discord.client: Dispatching event raw_reaction_add
2022-04-07 23:28:10,826:DEBUG:discord.client: Dispatching event reaction_add
2022-04-07 23:28:11,143:DEBUG:discord.client: Dispatching event socket_raw_receive
2022-04-07 23:28:11,143:DEBUG:discord.gateway: For Shard ID None: WebSocket Event: {'t': 'MESSAGE_CREATE', 's': 10, 'op': 0, 'd': {'type': 0, 'tts': False, 'timestamp': '2022-04-07T14:28:11.390000+00:00', 'referenced_message': None, 'pinned': False, 'mentions': [], 'mention_roles': ['961620452663513178', '961625680104263711'], 'mention_everyone': False, 'member': {'roles': ['961226869536088118'], 'mute': False, 'joined_at': '2022-04-06T11:32:24.513000+00:00', 'hoisted_role': None, 'flags': 0, 'deaf': False}, 'id': '961633494562402304', 'flags': 0, 'embeds': [], 'edited_timestamp': None, 'content': '<@&961625680104263711> <@&961620452663513178> *SESSION CONFIRMED* -- **Session 15** is *CONFIRMED* for **3/22/2022** at **1900 CST**!', 'components': [], 'channel_id': '961627892012433418', 'author': {'username': 'scheduler-bot', 'public_flags': 0, 'id': '961225387269029928', 'discriminator': '1193', 'bot': True, 'avatar': None}, 'attachments': [], 'guild_id': '961222921592901742'}}
2022-04-07 23:28:11,143:DEBUG:discord.client: Dispatching event socket_response
2022-04-07 23:28:11,143:DEBUG:discord.client: Dispatching event message
2022-04-07 23:28:11,310:DEBUG:discord.http: POST https://discord.com/api/v7/channels/961627892012433418/messages with {"content":"<@&961625680104263711> <@&961620452663513178> *SESSION CONFIRMED* -- **Session 15** is *CONFIRMED* for **3/22/2022** at **1900 CST**! ","allowed_mentions":{"replied_user":true,"parse":["everyone","users","roles"]}} has returned 200
2022-04-07 23:28:11,311:DEBUG:discord.http: POST https://discord.com/api/v7/channels/961627892012433418/messages has received {'id': '961633494562402304', 'type': 0, 'content': '<@&961625680104263711> <@&961620452663513178> *SESSION CONFIRMED* -- **Session 15** is *CONFIRMED* for **3/22/2022** at **1900 CST**!', 'channel_id': '961627892012433418', 'author': {'id': '961225387269029928', 'username': 'scheduler-bot', 'avatar': None, 'discriminator': '1193', 'public_flags': 0, 'bot': True}, 'attachments': [], 'embeds': [], 'mentions': [], 'mention_roles': ['961620452663513178', '961625680104263711'], 'pinned': False, 'mention_everyone': False, 'tts': False, 'timestamp': '2022-04-07T14:28:11.390000+00:00', 'edited_timestamp': None, 'flags': 0, 'components': [], 'referenced_message': None}
2022-04-07 23:28:28,509:DEBUG:discord.client: Dispatching event socket_raw_receive
2022-04-07 23:28:28,509:DEBUG:discord.gateway: For Shard ID None: WebSocket Event: {'t': 'MESSAGE_REACTION_REMOVE', 's': 11, 'op': 0, 'd': {'user_id': '257448363149099008', 'message_id': '961633481169993759', 'emoji': {'name': '✅', 'id': None}, 'channel_id': '961627892012433418', 'guild_id': '961222921592901742'}}
2022-04-07 23:28:28,510:DEBUG:discord.client: Dispatching event socket_response
2022-04-07 23:28:28,510:DEBUG:discord.client: Dispatching event raw_reaction_remove
2022-04-07 23:28:28,510:DEBUG:discord.client: Dispatching event reaction_remove
2022-04-07 23:28:28,801:DEBUG:discord.client: Dispatching event socket_raw_receive
2022-04-07 23:28:28,801:DEBUG:discord.gateway: For Shard ID None: WebSocket Event: {'t': 'MESSAGE_CREATE', 's': 12, 'op': 0, 'd': {'type': 0, 'tts': False, 'timestamp': '2022-04-07T14:28:29.048000+00:00', 'referenced_message': None, 'pinned': False, 'mentions': [], 'mention_roles': ['961620452663513178', '961625680104263711'], 'mention_everyone': False, 'member': {'roles': ['961226869536088118'], 'mute': False, 'joined_at': '2022-04-06T11:32:24.513000+00:00', 'hoisted_role': None, 'flags': 0, 'deaf': False}, 'id': '961633568625414185', 'flags': 0, 'embeds': [], 'edited_timestamp': None, 'content': '<@&961625680104263711> <@&961620452663513178> *SESSION UNCONFIRMED* -- **Session 15** has been *UNCONFIRMED*. Only 1 more player needed to confirm the session!', 'components': [], 'channel_id': '961627892012433418', 'author': {'username': 'scheduler-bot', 'public_flags': 0, 'id': '961225387269029928', 'discriminator': '1193', 'bot': True, 'avatar': None}, 'attachments': [], 'guild_id': '961222921592901742'}}
2022-04-07 23:28:28,801:DEBUG:discord.client: Dispatching event socket_response
2022-04-07 23:28:28,801:DEBUG:discord.client: Dispatching event message
2022-04-07 23:28:28,855:DEBUG:discord.http: POST https://discord.com/api/v7/channels/961627892012433418/messages with {"content":"<@&961625680104263711> <@&961620452663513178> *SESSION UNCONFIRMED* -- **Session 15** has been *UNCONFIRMED*. Only 1 more player needed to confirm the session!","allowed_mentions":{"replied_user":true,"parse":["everyone","users","roles"]}} has returned 200
2022-04-07 23:28:28,855:DEBUG:discord.http: POST https://discord.com/api/v7/channels/961627892012433418/messages has received {'id': '961633568625414185', 'type': 0, 'content': '<@&961625680104263711> <@&961620452663513178> *SESSION UNCONFIRMED* -- **Session 15** has been *UNCONFIRMED*. Only 1 more player needed to confirm the session!', 'channel_id': '961627892012433418', 'author': {'id': '961225387269029928', 'username': 'scheduler-bot', 'avatar': None, 'discriminator': '1193', 'public_flags': 0, 'bot': True}, 'attachments': [], 'embeds': [], 'mentions': [], 'mention_roles': ['961620452663513178', '961625680104263711'], 'pinned': False, 'mention_everyone': False, 'tts': False, 'timestamp': '2022-04-07T14:28:29.048000+00:00', 'edited_timestamp': None, 'flags': 0, 'components': [], 'referenced_message': None}
2022-04-07 23:28:37,926:DEBUG:discord.gateway: Keeping shard ID None websocket alive with sequence 12.
2022-04-07 23:28:38,115:DEBUG:discord.client: Dispatching event socket_raw_receive
2022-04-07 23:28:38,115:DEBUG:discord.gateway: For Shard ID None: WebSocket Event: {'t': None, 's': None, 'op': 11, 'd': None}
2022-04-07 23:28:38,116:DEBUG:discord.client: Dispatching event socket_response
2022-04-07 23:29:19,179:DEBUG:discord.gateway: Keeping shard ID None websocket alive with sequence 12.
2022-04-07 23:29:19,365:DEBUG:discord.client: Dispatching event socket_raw_receive
2022-04-07 23:29:19,365:DEBUG:discord.gateway: For Shard ID None: WebSocket Event: {'t': None, 's': None, 'op': 11, 'd': None}
2022-04-07 23:29:19,365:DEBUG:discord.client: Dispatching event socket_response
2022-04-07 23:30:00,439:DEBUG:discord.gateway: Keeping shard ID None websocket alive with sequence 12.
2022-04-07 23:30:00,625:DEBUG:discord.client: Dispatching event socket_raw_receive
2022-04-07 23:30:00,626:DEBUG:discord.gateway: For Shard ID None: WebSocket Event: {'t': None, 's': None, 'op': 11, 'd': None}
2022-04-07 23:30:00,626:DEBUG:discord.client: Dispatching event socket_response
2022-04-07 23:30:41,702:DEBUG:discord.gateway: Keeping shard ID None websocket alive with sequence 12.
2022-04-07 23:30:41,903:DEBUG:discord.client: Dispatching event socket_raw_receive
2022-04-07 23:30:41,904:DEBUG:discord.gateway: For Shard ID None: WebSocket Event: {'t': None, 's': None, 'op': 11, 'd': None}
2022-04-07 23:30:41,904:DEBUG:discord.client: Dispatching event socket_response
2022-04-07 23:31:22,964:DEBUG:discord.gateway: Keeping shard ID None websocket alive with sequence 12.
2022-04-07 23:31:23,149:DEBUG:discord.client: Dispatching event socket_raw_receive
2022-04-07 23:31:23,150:DEBUG:discord.gateway: For Shard ID None: WebSocket Event: {'t': None, 's': None, 'op': 11, 'd': None}
2022-04-07 23:31:23,150:DEBUG:discord.client: Dispatching event socket_response
2022-04-07 23:32:04,218:DEBUG:discord.gateway: Keeping shard ID None websocket alive with sequence 12.
2022-04-07 23:32:04,405:DEBUG:discord.client: Dispatching event socket_raw_receive
2022-04-07 23:32:04,406:DEBUG:discord.gateway: For Shard ID None: WebSocket Event: {'t': None, 's': None, 'op': 11, 'd': None}
2022-04-07 23:32:04,406:DEBUG:discord.client: Dispatching event socket_response
2022-04-07 23:32:45,470:DEBUG:discord.gateway: Keeping shard ID None websocket alive with sequence 12.
2022-04-07 23:32:45,656:DEBUG:discord.client: Dispatching event socket_raw_receive
2022-04-07 23:32:45,657:DEBUG:discord.gateway: For Shard ID None: WebSocket Event: {'t': None, 's': None, 'op': 11, 'd': None}
2022-04-07 23:32:45,657:DEBUG:discord.client: Dispatching event socket_response
2022-04-07 23:33:26,725:DEBUG:discord.gateway: Keeping shard ID None websocket alive with sequence 12.
2022-04-07 23:33:26,910:DEBUG:discord.client: Dispatching event socket_raw_receive
2022-04-07 23:33:26,910:DEBUG:discord.gateway: For Shard ID None: WebSocket Event: {'t': None, 's': None, 'op': 11, 'd': None}
2022-04-07 23:33:26,910:DEBUG:discord.client: Dispatching event socket_response
2022-04-07 23:34:07,976:DEBUG:discord.gateway: Keeping shard ID None websocket alive with sequence 12.
2022-04-07 23:34:08,161:DEBUG:discord.client: Dispatching event socket_raw_receive
2022-04-07 23:34:08,161:DEBUG:discord.gateway: For Shard ID None: WebSocket Event: {'t': None, 's': None, 'op': 11, 'd': None}
2022-04-07 23:34:08,161:DEBUG:discord.client: Dispatching event socket_response
2022-04-07 23:34:49,235:DEBUG:discord.gateway: Keeping shard ID None websocket alive with sequence 12.
2022-04-07 23:34:49,422:DEBUG:discord.client: Dispatching event socket_raw_receive
2022-04-07 23:34:49,422:DEBUG:discord.gateway: For Shard ID None: WebSocket Event: {'t': None, 's': None, 'op': 11, 'd': None}
2022-04-07 23:34:49,422:DEBUG:discord.client: Dispatching event socket_response
2022-04-07 23:35:30,500:DEBUG:discord.gateway: Keeping shard ID None websocket alive with sequence 12.
2022-04-07 23:35:30,684:DEBUG:discord.client: Dispatching event socket_raw_receive
2022-04-07 23:35:30,684:DEBUG:discord.gateway: For Shard ID None: WebSocket Event: {'t': None, 's': None, 'op': 11, 'd': None}
2022-04-07 23:35:30,684:DEBUG:discord.client: Dispatching event socket_response
2022-04-07 23:35:33,783:DEBUG:discord.gateway: Received WSMessage(type=<WSMsgType.CLOSED: 257>, data=None, extra=None)
2022-04-07 23:35:33,783:INFO:discord.gateway: Websocket closed with 1006, attempting a reconnect.
2022-04-07 23:35:33,783:INFO:discord.client: Got a request to RESUME the websocket.
2022-04-07 23:35:33,783:DEBUG:discord.client: Dispatching event disconnect
2022-04-07 23:35:33,829:DEBUG:discord.http: GET https://discord.com/api/v7/gateway with None has returned 200
2022-04-07 23:35:33,829:DEBUG:discord.http: GET https://discord.com/api/v7/gateway has received {'url': 'wss://gateway.discord.gg'}
2022-04-07 23:35:36,354:DEBUG:discord.gateway: Created websocket connected to wss://gateway.discord.gg?encoding=json&v=6&compress=zlib-stream
2022-04-07 23:35:36,354:DEBUG:discord.client: Dispatching event socket_raw_receive
2022-04-07 23:35:36,354:DEBUG:discord.gateway: For Shard ID None: WebSocket Event: {'t': None, 's': None, 'op': 10, 'd': {'heartbeat_interval': 41250, '_trace': ['["gateway-prd-main-j7cd",{"micros":0.0}]']}}
2022-04-07 23:35:36,354:DEBUG:discord.client: Dispatching event socket_response
2022-04-07 23:35:36,354:DEBUG:discord.client: Dispatching event socket_raw_send
2022-04-07 23:35:36,355:DEBUG:discord.client: Dispatching event socket_raw_send
2022-04-07 23:35:36,355:INFO:discord.gateway: Shard ID None has sent the RESUME payload.
2022-04-07 23:35:37,716:DEBUG:discord.client: Dispatching event socket_raw_receive
2022-04-07 23:35:37,716:DEBUG:discord.gateway: For Shard ID None: WebSocket Event: {'t': None, 's': None, 'op': 11, 'd': None}
2022-04-07 23:35:37,716:DEBUG:discord.client: Dispatching event socket_response
2022-04-07 23:35:37,716:DEBUG:discord.client: Dispatching event socket_raw_receive
2022-04-07 23:35:37,716:DEBUG:discord.gateway: For Shard ID None: WebSocket Event: {'t': 'RESUMED', 's': 13, 'op': 0, 'd': {'_trace': ['["gateway-prd-main-j7cd",{"micros":1160,"calls":["discord-sessions-blue-prd-2-75",{"micros":20}]}]']}}
2022-04-07 23:35:37,716:DEBUG:discord.client: Dispatching event socket_response
2022-04-07 23:35:37,716:INFO:discord.gateway: Shard ID None has successfully RESUMED session 5b00ecff501f41f20c6a3ee17cb81098 under trace ["gateway-prd-main-j7cd",{"micros":1160,"calls":["discord-sessions-blue-prd-2-75",{"micros":20}]}].
2022-04-07 23:35:37,716:DEBUG:discord.client: Dispatching event resumed
